<?xml version="1.0" encoding="UTF-8"?>
<!-- Generated by org.testng.reporters.JUnitReportReporter -->
<testsuite skipped="0" hostname="DESKTOP-803K56V" name="com.OrangeHRM.testCases.TC001_UserLogin" tests="1" failures="0" timestamp="05 May 2022 01:30:29 GMT" time="8.067" errors="0">
  <testcase name="loginTest" time="8.067" classname="com.OrangeHRM.testCases.TC001_UserLogin"/>
</testsuite> <!-- com.OrangeHRM.testCases.TC001_UserLogin -->
