<?xml version="1.0" encoding="UTF-8"?>
<!-- Generated by org.testng.reporters.JUnitReportReporter -->
<testsuite skipped="0" hostname="DESKTOP-803K56V" name="com.OrangeHRM.testCases.TC002_ForgotPasswordLinkDisplayed" tests="1" failures="0" timestamp="05 May 2022 01:30:29 GMT" time="2.102" errors="0">
  <testcase name="forgotPasswordLinkTest" time="2.102" classname="com.OrangeHRM.testCases.TC002_ForgotPasswordLinkDisplayed"/>
</testsuite> <!-- com.OrangeHRM.testCases.TC002_ForgotPasswordLinkDisplayed -->
