<?xml version="1.0" encoding="UTF-8"?>
<!-- Generated by org.testng.reporters.JUnitReportReporter -->
<testsuite skipped="0" hostname="DESKTOP-803K56V" name="com.OrangeHRM.testCases.TC001_UserLogin" tests="1" failures="0" timestamp="07 May 2022 02:04:32 GMT" time="7.109" errors="0">
  <testcase name="loginTest" time="7.109" classname="com.OrangeHRM.testCases.TC001_UserLogin"/>
</testsuite> <!-- com.OrangeHRM.testCases.TC001_UserLogin -->
